# JRE version: OpenJDK Runtime Environment Temurin-21.0.9+10 (21.0.9+10) (build 21.0.9+10-LTS)
# Java VM: OpenJDK 64-Bit Server VM Temurin-21.0.9+10 (21.0.9+10-LTS, mixed mode, sharing, tiered, compressed oops, compressed class ptrs, parallel gc, windows-amd64)
GC Precious Log:
 CardTable entry size: 512
 CPUs: 8 total, 8 available
 Memory: 16106M
 Large Page Support: Disabled
 NUMA Support: Disabled
 Compressed Oops: Enabled (32-bit)
 Alignments: Space 512K, Generation 512K, Heap 2M
 Heap Min Capacity: 100M
 Heap Initial Capacity: 100M
 Heap Max Capacity: 2G
 Pre-touch: Disabled
 Parallel Workers: 8
Heap:
 PSYoungGen      total 7680K, used 6939K [0x00000000d5580000, 0x00000000d6200000, 0x0000000100000000)
  eden space 5120K, 85% used [0x00000000d5580000,0x00000000d59c6f20,0x00000000d5a80000)
  from space 2560K, 100% used [0x00000000d5f80000,0x00000000d6200000,0x00000000d6200000)
  to   space 3072K, 0% used [0x00000000d5c00000,0x00000000d5c00000,0x00000000d5f00000)
 ParOldGen       total 995840K, used 995813K [0x0000000080000000, 0x00000000bcc80000, 0x00000000d5580000)
  object space 995840K, 99% used [0x0000000080000000,0x00000000bcc79408,0x00000000bcc80000)
 Metaspace       used 86586K, committed 88384K, reserved 1179648K
  class space    used 8768K, committed 9600K, reserved 1048576K
GC Heap History (20 events):
Event: 414.642 GC heap before
{Heap before GC invocations=2910 (full 8):
 PSYoungGen      total 2048K, used 2017K [0x00000000d5580000, 0x00000000d5e00000, 0x0000000100000000)
  eden space 1536K, 99% used [0x00000000d5580000,0x00000000d56fffe0,0x00000000d5700000)
  from space 512K, 94% used [0x00000000d5a00000,0x00000000d5a78800,0x00000000d5a80000)
  to   space 3072K, 0% used [0x00000000d5700000,0x00000000d5700000,0x00000000d5a00000)
 ParOldGen       total 949248K, used 949201K [0x0000000080000000, 0x00000000b9f00000, 0x00000000d5580000)
  object space 949248K, 99% used [0x0000000080000000,0x00000000b9ef4570,0x00000000b9f00000)
 Metaspace       used 86537K, committed 88384K, reserved 1179648K
  class space    used 8768K, committed 9600K, reserved 1048576K
}
Event: 414.645 GC heap after
{Heap after GC invocations=2910 (full 8):
 PSYoungGen      total 3072K, used 1448K [0x00000000d5580000, 0x00000000d5b80000, 0x0000000100000000)
  eden space 1536K, 0% used [0x00000000d5580000,0x00000000d5580000,0x00000000d5700000)
  from space 1536K, 94% used [0x00000000d5700000,0x00000000d586a000,0x00000000d5880000)
  to   space 2048K, 0% used [0x00000000d5980000,0x00000000d5980000,0x00000000d5b80000)
 ParOldGen       total 949760K, used 949723K [0x0000000080000000, 0x00000000b9f80000, 0x00000000d5580000)
  object space 949760K, 99% used [0x0000000080000000,0x00000000b9f76d70,0x00000000b9f80000)
 Metaspace       used 86537K, committed 88384K, reserved 1179648K
  class space    used 8768K, committed 9600K, reserved 1048576K
}
Event: 414.651 GC heap before
{Heap before GC invocations=2911 (full 8):
 PSYoungGen      total 3072K, used 2983K [0x00000000d5580000, 0x00000000d5b80000, 0x0000000100000000)
  eden space 1536K, 99% used [0x00000000d5580000,0x00000000d56fffe0,0x00000000d5700000)
  from space 1536K, 94% used [0x00000000d5700000,0x00000000d586a000,0x00000000d5880000)
  to   space 2048K, 0% used [0x00000000d5980000,0x00000000d5980000,0x00000000d5b80000)
 ParOldGen       total 949760K, used 949723K [0x0000000080000000, 0x00000000b9f80000, 0x00000000d5580000)
  object space 949760K, 99% used [0x0000000080000000,0x00000000b9f76d70,0x00000000b9f80000)
 Metaspace       used 86538K, committed 88384K, reserved 1179648K
  class space    used 8768K, committed 9600K, reserved 1048576K
}
Event: 414.654 GC heap after
{Heap after GC invocations=2911 (full 8):
 PSYoungGen      total 2560K, used 160K [0x00000000d5580000, 0x00000000d5a00000, 0x0000000100000000)
  eden space 2048K, 0% used [0x00000000d5580000,0x00000000d5580000,0x00000000d5780000)
  from space 512K, 31% used [0x00000000d5980000,0x00000000d59a8000,0x00000000d5a00000)
  to   space 1024K, 0% used [0x00000000d5800000,0x00000000d5800000,0x00000000d5900000)
 ParOldGen       total 952832K, used 952331K [0x0000000080000000, 0x00000000ba280000, 0x00000000d5580000)
  object space 952832K, 99% used [0x0000000080000000,0x00000000ba202d70,0x00000000ba280000)
 Metaspace       used 86538K, committed 88384K, reserved 1179648K
  class space    used 8768K, committed 9600K, reserved 1048576K
}
Event: 414.657 GC heap before
{Heap before GC invocations=2912 (full 8):
 PSYoungGen      total 2560K, used 2207K [0x00000000d5580000, 0x00000000d5a00000, 0x0000000100000000)
  eden space 2048K, 99% used [0x00000000d5580000,0x00000000d577ffe8,0x00000000d5780000)
  from space 512K, 31% used [0x00000000d5980000,0x00000000d59a8000,0x00000000d5a00000)
  to   space 1024K, 0% used [0x00000000d5800000,0x00000000d5800000,0x00000000d5900000)
 ParOldGen       total 952832K, used 952331K [0x0000000080000000, 0x00000000ba280000, 0x00000000d5580000)
  object space 952832K, 99% used [0x0000000080000000,0x00000000ba202d70,0x00000000ba280000)
 Metaspace       used 86540K, committed 88384K, reserved 1179648K
  class space    used 8768K, committed 9600K, reserved 1048576K
}
Event: 414.660 GC heap after
{Heap after GC invocations=2912 (full 8):
 PSYoungGen      total 3584K, used 276K [0x00000000d5580000, 0x00000000d5a00000, 0x0000000100000000)
  eden space 2560K, 0% used [0x00000000d5580000,0x00000000d5580000,0x00000000d5800000)
  from space 1024K, 27% used [0x00000000d5800000,0x00000000d5845200,0x00000000d5900000)
  to   space 512K, 0% used [0x00000000d5980000,0x00000000d5980000,0x00000000d5a00000)
 ParOldGen       total 952832K, used 952379K [0x0000000080000000, 0x00000000ba280000, 0x00000000d5580000)
  object space 952832K, 99% used [0x0000000080000000,0x00000000ba20ed70,0x00000000ba280000)
 Metaspace       used 86540K, committed 88384K, reserved 1179648K
  class space    used 8768K, committed 9600K, reserved 1048576K
}
Event: 414.664 GC heap before
{Heap before GC invocations=2913 (full 8):
 PSYoungGen      total 3584K, used 2836K [0x00000000d5580000, 0x00000000d5a00000, 0x0000000100000000)
  eden space 2560K, 99% used [0x00000000d5580000,0x00000000d57ffff8,0x00000000d5800000)
  from space 1024K, 27% used [0x00000000d5800000,0x00000000d5845200,0x00000000d5900000)
  to   space 512K, 0% used [0x00000000d5980000,0x00000000d5980000,0x00000000d5a00000)
 ParOldGen       total 952832K, used 952379K [0x0000000080000000, 0x00000000ba280000, 0x00000000d5580000)
  object space 952832K, 99% used [0x0000000080000000,0x00000000ba20ed70,0x00000000ba280000)
 Metaspace       used 86540K, committed 88384K, reserved 1179648K
  class space    used 8768K, committed 9600K, reserved 1048576K
}
Event: 414.666 GC heap after
{Heap after GC invocations=2913 (full 8):
 PSYoungGen      total 3584K, used 512K [0x00000000d5580000, 0x00000000d5a80000, 0x0000000100000000)
  eden space 3072K, 0% used [0x00000000d5580000,0x00000000d5580000,0x00000000d5880000)
  from space 512K, 100% used [0x00000000d5980000,0x00000000d5a00000,0x00000000d5a00000)
  to   space 1024K, 0% used [0x00000000d5880000,0x00000000d5880000,0x00000000d5980000)
 ParOldGen       total 952832K, used 952775K [0x0000000080000000, 0x00000000ba280000, 0x00000000d5580000)
  object space 952832K, 99% used [0x0000000080000000,0x00000000ba271fa0,0x00000000ba280000)
 Metaspace       used 86540K, committed 88384K, reserved 1179648K
  class space    used 8768K, committed 9600K, reserved 1048576K
}
Event: 414.671 GC heap before
{Heap before GC invocations=2914 (full 8):
 PSYoungGen      total 3584K, used 3584K [0x00000000d5580000, 0x00000000d5a80000, 0x0000000100000000)
  eden space 3072K, 100% used [0x00000000d5580000,0x00000000d5880000,0x00000000d5880000)
  from space 512K, 100% used [0x00000000d5980000,0x00000000d5a00000,0x00000000d5a00000)
  to   space 1024K, 0% used [0x00000000d5880000,0x00000000d5880000,0x00000000d5980000)
 ParOldGen       total 952832K, used 952775K [0x0000000080000000, 0x00000000ba280000, 0x00000000d5580000)
  object space 952832K, 99% used [0x0000000080000000,0x00000000ba271fa0,0x00000000ba280000)
 Metaspace       used 86546K, committed 88384K, reserved 1179648K
  class space    used 8768K, committed 9600K, reserved 1048576K
}
Event: 414.675 GC heap after
{Heap after GC invocations=2914 (full 8):
 PSYoungGen      total 4096K, used 800K [0x00000000d5580000, 0x00000000d5b80000, 0x0000000100000000)
  eden space 3072K, 0% used [0x00000000d5580000,0x00000000d5580000,0x00000000d5880000)
  from space 1024K, 78% used [0x00000000d5880000,0x00000000d5948040,0x00000000d5980000)
  to   space 1024K, 0% used [0x00000000d5a80000,0x00000000d5a80000,0x00000000d5b80000)
 ParOldGen       total 953344K, used 953311K [0x0000000080000000, 0x00000000ba300000, 0x00000000d5580000)
  object space 953344K, 99% used [0x0000000080000000,0x00000000ba2f7fa0,0x00000000ba300000)
 Metaspace       used 86546K, committed 88384K, reserved 1179648K
  class space    used 8768K, committed 9600K, reserved 1048576K
}
Event: 414.682 GC heap before
{Heap before GC invocations=2915 (full 8):
 PSYoungGen      total 4096K, used 3872K [0x00000000d5580000, 0x00000000d5b80000, 0x0000000100000000)
  eden space 3072K, 100% used [0x00000000d5580000,0x00000000d5880000,0x00000000d5880000)
  from space 1024K, 78% used [0x00000000d5880000,0x00000000d5948040,0x00000000d5980000)
  to   space 1024K, 0% used [0x00000000d5a80000,0x00000000d5a80000,0x00000000d5b80000)
 ParOldGen       total 953344K, used 953311K [0x0000000080000000, 0x00000000ba300000, 0x00000000d5580000)
  object space 953344K, 99% used [0x0000000080000000,0x00000000ba2f7fa0,0x00000000ba300000)
 Metaspace       used 86552K, committed 88384K, reserved 1179648K
  class space    used 8768K, committed 9600K, reserved 1048576K
}
Event: 414.685 GC heap after
{Heap after GC invocations=2915 (full 8):
 PSYoungGen      total 5120K, used 800K [0x00000000d5580000, 0x00000000d5b80000, 0x0000000100000000)
  eden space 4096K, 0% used [0x00000000d5580000,0x00000000d5580000,0x00000000d5980000)
  from space 1024K, 78% used [0x00000000d5a80000,0x00000000d5b483f8,0x00000000d5b80000)
  to   space 1024K, 0% used [0x00000000d5980000,0x00000000d5980000,0x00000000d5a80000)
 ParOldGen       total 954368K, used 954000K [0x0000000080000000, 0x00000000ba400000, 0x00000000d5580000)
  object space 954368K, 99% used [0x0000000080000000,0x00000000ba3a4010,0x00000000ba400000)
 Metaspace       used 86552K, committed 88384K, reserved 1179648K
  class space    used 8768K, committed 9600K, reserved 1048576K
}
Event: 414.697 GC heap before
{Heap before GC invocations=2916 (full 8):
 PSYoungGen      total 5120K, used 4896K [0x00000000d5580000, 0x00000000d5b80000, 0x0000000100000000)
  eden space 4096K, 100% used [0x00000000d5580000,0x00000000d5980000,0x00000000d5980000)
  from space 1024K, 78% used [0x00000000d5a80000,0x00000000d5b483f8,0x00000000d5b80000)
  to   space 1024K, 0% used [0x00000000d5980000,0x00000000d5980000,0x00000000d5a80000)
 ParOldGen       total 954368K, used 954000K [0x0000000080000000, 0x00000000ba400000, 0x00000000d5580000)
  object space 954368K, 99% used [0x0000000080000000,0x00000000ba3a4010,0x00000000ba400000)
 Metaspace       used 86558K, committed 88384K, reserved 1179648K
  class space    used 8768K, committed 9600K, reserved 1048576K
}
Event: 414.700 GC heap after
{Heap after GC invocations=2916 (full 8):
 PSYoungGen      total 5120K, used 998K [0x00000000d5580000, 0x00000000d6480000, 0x0000000100000000)
  eden space 4096K, 0% used [0x00000000d5580000,0x00000000d5580000,0x00000000d5980000)
  from space 1024K, 97% used [0x00000000d5980000,0x00000000d5a79ad0,0x00000000d5a80000)
  to   space 5120K, 0% used [0x00000000d5f80000,0x00000000d5f80000,0x00000000d6480000)
 ParOldGen       total 957440K, used 957323K [0x0000000080000000, 0x00000000ba700000, 0x00000000d5580000)
  object space 957440K, 99% used [0x0000000080000000,0x00000000ba6e2ea0,0x00000000ba700000)
 Metaspace       used 86558K, committed 88384K, reserved 1179648K
  class space    used 8768K, committed 9600K, reserved 1048576K
}
Event: 414.718 GC heap before
{Heap before GC invocations=2917 (full 8):
 PSYoungGen      total 5120K, used 5094K [0x00000000d5580000, 0x00000000d6480000, 0x0000000100000000)
  eden space 4096K, 100% used [0x00000000d5580000,0x00000000d5980000,0x00000000d5980000)
  from space 1024K, 97% used [0x00000000d5980000,0x00000000d5a79ad0,0x00000000d5a80000)
  to   space 5120K, 0% used [0x00000000d5f80000,0x00000000d5f80000,0x00000000d6480000)
 ParOldGen       total 957440K, used 957323K [0x0000000080000000, 0x00000000ba700000, 0x00000000d5580000)
  object space 957440K, 99% used [0x0000000080000000,0x00000000ba6e2ea0,0x00000000ba700000)
 Metaspace       used 86561K, committed 88384K, reserved 1179648K
  class space    used 8768K, committed 9600K, reserved 1048576K
}
Event: 414.721 GC heap after
{Heap after GC invocations=2917 (full 8):
 PSYoungGen      total 7680K, used 2273K [0x00000000d5580000, 0x00000000d6200000, 0x0000000100000000)
  eden space 5120K, 0% used [0x00000000d5580000,0x00000000d5580000,0x00000000d5a80000)
  from space 2560K, 88% used [0x00000000d5f80000,0x00000000d61b8670,0x00000000d6200000)
  to   space 3072K, 0% used [0x00000000d5c00000,0x00000000d5c00000,0x00000000d5f00000)
 ParOldGen       total 957440K, used 957435K [0x0000000080000000, 0x00000000ba700000, 0x00000000d5580000)
  object space 957440K, 99% used [0x0000000080000000,0x00000000ba6feea0,0x00000000ba700000)
 Metaspace       used 86561K, committed 88384K, reserved 1179648K
  class space    used 8768K, committed 9600K, reserved 1048576K
}
Event: 414.739 GC heap before
{Heap before GC invocations=2918 (full 8):
 PSYoungGen      total 7680K, used 7393K [0x00000000d5580000, 0x00000000d6200000, 0x0000000100000000)
  eden space 5120K, 100% used [0x00000000d5580000,0x00000000d5a80000,0x00000000d5a80000)
  from space 2560K, 88% used [0x00000000d5f80000,0x00000000d61b8670,0x00000000d6200000)
  to   space 3072K, 0% used [0x00000000d5c00000,0x00000000d5c00000,0x00000000d5f00000)
 ParOldGen       total 989184K, used 988155K [0x0000000080000000, 0x00000000bc600000, 0x00000000d5580000)
  object space 989184K, 99% used [0x0000000080000000,0x00000000bc4feed0,0x00000000bc600000)
 Metaspace       used 86561K, committed 88384K, reserved 1179648K
  class space    used 8768K, committed 9600K, reserved 1048576K
}
Event: 414.744 GC heap after
{Heap after GC invocations=2918 (full 8):
 PSYoungGen      total 8192K, used 3056K [0x00000000d5580000, 0x00000000d6200000, 0x0000000100000000)
  eden space 5120K, 0% used [0x00000000d5580000,0x00000000d5580000,0x00000000d5a80000)
  from space 3072K, 99% used [0x00000000d5c00000,0x00000000d5efc010,0x00000000d5f00000)
  to   space 2560K, 0% used [0x00000000d5f80000,0x00000000d5f80000,0x00000000d6200000)
 ParOldGen       total 992768K, used 992388K [0x0000000080000000, 0x00000000bc980000, 0x00000000d5580000)
  object space 992768K, 99% used [0x0000000080000000,0x00000000bc9213f8,0x00000000bc980000)
 Metaspace       used 86561K, committed 88384K, reserved 1179648K
  class space    used 8768K, committed 9600K, reserved 1048576K
}
Event: 414.760 GC heap before
{Heap before GC invocations=2919 (full 8):
 PSYoungGen      total 8192K, used 7586K [0x00000000d5580000, 0x00000000d6200000, 0x0000000100000000)
  eden space 5120K, 88% used [0x00000000d5580000,0x00000000d59ec840,0x00000000d5a80000)
  from space 3072K, 99% used [0x00000000d5c00000,0x00000000d5efc010,0x00000000d5f00000)
  to   space 2560K, 0% used [0x00000000d5f80000,0x00000000d5f80000,0x00000000d6200000)
 ParOldGen       total 992768K, used 992388K [0x0000000080000000, 0x00000000bc980000, 0x00000000d5580000)
  object space 992768K, 99% used [0x0000000080000000,0x00000000bc9213f8,0x00000000bc980000)
 Metaspace       used 86565K, committed 88384K, reserved 1179648K
  class space    used 8768K, committed 9600K, reserved 1048576K
}
Event: 414.765 GC heap after
{Heap after GC invocations=2919 (full 8):
 PSYoungGen      total 7680K, used 2560K [0x00000000d5580000, 0x00000000d6200000, 0x0000000100000000)
  eden space 5120K, 0% used [0x00000000d5580000,0x00000000d5580000,0x00000000d5a80000)
  from space 2560K, 100% used [0x00000000d5f80000,0x00000000d6200000,0x00000000d6200000)
  to   space 3072K, 0% used [0x00000000d5c00000,0x00000000d5c00000,0x00000000d5f00000)
 ParOldGen       total 995840K, used 995813K [0x0000000080000000, 0x00000000bcc80000, 0x00000000d5580000)
  object space 995840K, 99% used [0x0000000080000000,0x00000000bcc79408,0x00000000bcc80000)
 Metaspace       used 86565K, committed 88384K, reserved 1179648K
  class space    used 8768K, committed 9600K, reserved 1048576K
}

