# JRE version: OpenJDK Runtime Environment Temurin-21.0.9+10 (21.0.9+10) (build 21.0.9+10-LTS)
# Java VM: OpenJDK 64-Bit Server VM Temurin-21.0.9+10 (21.0.9+10-LTS, mixed mode, sharing, tiered, compressed oops, compressed class ptrs, parallel gc, windows-amd64)
GC Precious Log:
 CardTable entry size: 512
 CPUs: 8 total, 8 available
 Memory: 16106M
 Large Page Support: Disabled
 NUMA Support: Disabled
 Compressed Oops: Enabled (32-bit)
 Alignments: Space 512K, Generation 512K, Heap 2M
 Heap Min Capacity: 100M
 Heap Initial Capacity: 100M
 Heap Max Capacity: 2G
 Pre-touch: Disabled
 Parallel Workers: 8
Heap:
 PSYoungGen      total 12800K, used 3738K [0x00000000d5580000, 0x00000000d6500000, 0x0000000100000000)
  eden space 12288K, 28% used [0x00000000d5580000,0x00000000d58f6a40,0x00000000d6180000)
  from space 512K, 37% used [0x00000000d6480000,0x00000000d64b0000,0x00000000d6500000)
  to   space 512K, 0% used [0x00000000d6400000,0x00000000d6400000,0x00000000d6480000)
 ParOldGen       total 1372672K, used 1372418K [0x0000000080000000, 0x00000000d3c80000, 0x00000000d5580000)
  object space 1372672K, 99% used [0x0000000080000000,0x00000000d3c40a98,0x00000000d3c80000)
 Metaspace       used 92474K, committed 94336K, reserved 1179648K
  class space    used 9318K, committed 10176K, reserved 1048576K
GC Heap History (20 events):
Event: 8650.993 GC heap before
{Heap before GC invocations=2957 (full 7):
 PSYoungGen      total 13312K, used 13010K [0x00000000d5580000, 0x00000000d6800000, 0x0000000100000000)
  eden space 12288K, 99% used [0x00000000d5580000,0x00000000d617f628,0x00000000d6180000)
  from space 1024K, 70% used [0x00000000d6700000,0x00000000d67b5200,0x00000000d6800000)
  to   space 2560K, 0% used [0x00000000d6300000,0x00000000d6300000,0x00000000d6580000)
 ParOldGen       total 1366016K, used 1365704K [0x0000000080000000, 0x00000000d3600000, 0x00000000d5580000)
  object space 1366016K, 99% used [0x0000000080000000,0x00000000d35b2158,0x00000000d3600000)
 Metaspace       used 92451K, committed 94336K, reserved 1179648K
  class space    used 9318K, committed 10176K, reserved 1048576K
}
Event: 8650.997 GC heap after
{Heap after GC invocations=2957 (full 7):
 PSYoungGen      total 14848K, used 1508K [0x00000000d5580000, 0x00000000d6780000, 0x0000000100000000)
  eden space 12288K, 0% used [0x00000000d5580000,0x00000000d5580000,0x00000000d6180000)
  from space 2560K, 58% used [0x00000000d6300000,0x00000000d6479210,0x00000000d6580000)
  to   space 2048K, 0% used [0x00000000d6580000,0x00000000d6580000,0x00000000d6780000)
 ParOldGen       total 1366528K, used 1366268K [0x0000000080000000, 0x00000000d3680000, 0x00000000d5580000)
  object space 1366528K, 99% used [0x0000000080000000,0x00000000d363f368,0x00000000d3680000)
 Metaspace       used 92451K, committed 94336K, reserved 1179648K
  class space    used 9318K, committed 10176K, reserved 1048576K
}
Event: 8943.456 GC heap before
{Heap before GC invocations=2958 (full 7):
 PSYoungGen      total 14848K, used 13796K [0x00000000d5580000, 0x00000000d6780000, 0x0000000100000000)
  eden space 12288K, 100% used [0x00000000d5580000,0x00000000d6180000,0x00000000d6180000)
  from space 2560K, 58% used [0x00000000d6300000,0x00000000d6479210,0x00000000d6580000)
  to   space 2048K, 0% used [0x00000000d6580000,0x00000000d6580000,0x00000000d6780000)
 ParOldGen       total 1366528K, used 1366268K [0x0000000080000000, 0x00000000d3680000, 0x00000000d5580000)
  object space 1366528K, 99% used [0x0000000080000000,0x00000000d363f368,0x00000000d3680000)
 Metaspace       used 92461K, committed 94336K, reserved 1179648K
  class space    used 9318K, committed 10176K, reserved 1048576K
}
Event: 8943.460 GC heap after
{Heap after GC invocations=2958 (full 7):
 PSYoungGen      total 13824K, used 1316K [0x00000000d5580000, 0x00000000d6700000, 0x0000000100000000)
  eden space 12288K, 0% used [0x00000000d5580000,0x00000000d5580000,0x00000000d6180000)
  from space 1536K, 85% used [0x00000000d6580000,0x00000000d66c9230,0x00000000d6700000)
  to   space 1536K, 0% used [0x00000000d6400000,0x00000000d6400000,0x00000000d6580000)
 ParOldGen       total 1368064K, used 1367681K [0x0000000080000000, 0x00000000d3800000, 0x00000000d5580000)
  object space 1368064K, 99% used [0x0000000080000000,0x00000000d37a05f8,0x00000000d3800000)
 Metaspace       used 92461K, committed 94336K, reserved 1179648K
  class space    used 9318K, committed 10176K, reserved 1048576K
}
Event: 8943.851 GC heap before
{Heap before GC invocations=2959 (full 7):
 PSYoungGen      total 13824K, used 13604K [0x00000000d5580000, 0x00000000d6700000, 0x0000000100000000)
  eden space 12288K, 100% used [0x00000000d5580000,0x00000000d6180000,0x00000000d6180000)
  from space 1536K, 85% used [0x00000000d6580000,0x00000000d66c9230,0x00000000d6700000)
  to   space 1536K, 0% used [0x00000000d6400000,0x00000000d6400000,0x00000000d6580000)
 ParOldGen       total 1368064K, used 1367681K [0x0000000080000000, 0x00000000d3800000, 0x00000000d5580000)
  object space 1368064K, 99% used [0x0000000080000000,0x00000000d37a05f8,0x00000000d3800000)
 Metaspace       used 92465K, committed 94336K, reserved 1179648K
  class space    used 9318K, committed 10176K, reserved 1048576K
}
Event: 8943.855 GC heap after
{Heap after GC invocations=2959 (full 7):
 PSYoungGen      total 13824K, used 1348K [0x00000000d5580000, 0x00000000d6600000, 0x0000000100000000)
  eden space 12288K, 0% used [0x00000000d5580000,0x00000000d5580000,0x00000000d6180000)
  from space 1536K, 87% used [0x00000000d6400000,0x00000000d6551210,0x00000000d6580000)
  to   space 512K, 0% used [0x00000000d6580000,0x00000000d6580000,0x00000000d6600000)
 ParOldGen       total 1369088K, used 1368871K [0x0000000080000000, 0x00000000d3900000, 0x00000000d5580000)
  object space 1369088K, 99% used [0x0000000080000000,0x00000000d38c9c18,0x00000000d3900000)
 Metaspace       used 92465K, committed 94336K, reserved 1179648K
  class space    used 9318K, committed 10176K, reserved 1048576K
}
Event: 8943.876 GC heap before
{Heap before GC invocations=2960 (full 7):
 PSYoungGen      total 13824K, used 13636K [0x00000000d5580000, 0x00000000d6600000, 0x0000000100000000)
  eden space 12288K, 100% used [0x00000000d5580000,0x00000000d6180000,0x00000000d6180000)
  from space 1536K, 87% used [0x00000000d6400000,0x00000000d6551210,0x00000000d6580000)
  to   space 512K, 0% used [0x00000000d6580000,0x00000000d6580000,0x00000000d6600000)
 ParOldGen       total 1369088K, used 1368871K [0x0000000080000000, 0x00000000d3900000, 0x00000000d5580000)
  object space 1369088K, 99% used [0x0000000080000000,0x00000000d38c9c18,0x00000000d3900000)
 Metaspace       used 92465K, committed 94336K, reserved 1179648K
  class space    used 9318K, committed 10176K, reserved 1048576K
}
Event: 8943.879 GC heap after
{Heap after GC invocations=2960 (full 7):
 PSYoungGen      total 12800K, used 500K [0x00000000d5580000, 0x00000000d6780000, 0x0000000100000000)
  eden space 12288K, 0% used [0x00000000d5580000,0x00000000d5580000,0x00000000d6180000)
  from space 512K, 97% used [0x00000000d6580000,0x00000000d65fd200,0x00000000d6600000)
  to   space 3072K, 0% used [0x00000000d6180000,0x00000000d6180000,0x00000000d6480000)
 ParOldGen       total 1371136K, used 1371123K [0x0000000080000000, 0x00000000d3b00000, 0x00000000d5580000)
  object space 1371136K, 99% used [0x0000000080000000,0x00000000d3afcd78,0x00000000d3b00000)
 Metaspace       used 92465K, committed 94336K, reserved 1179648K
  class space    used 9318K, committed 10176K, reserved 1048576K
}
Event: 8946.600 GC heap before
{Heap before GC invocations=2961 (full 7):
 PSYoungGen      total 12800K, used 12788K [0x00000000d5580000, 0x00000000d6780000, 0x0000000100000000)
  eden space 12288K, 99% used [0x00000000d5580000,0x00000000d617ffd0,0x00000000d6180000)
  from space 512K, 97% used [0x00000000d6580000,0x00000000d65fd200,0x00000000d6600000)
  to   space 3072K, 0% used [0x00000000d6180000,0x00000000d6180000,0x00000000d6480000)
 ParOldGen       total 1371136K, used 1371123K [0x0000000080000000, 0x00000000d3b00000, 0x00000000d5580000)
  object space 1371136K, 99% used [0x0000000080000000,0x00000000d3afcd78,0x00000000d3b00000)
 Metaspace       used 92465K, committed 94336K, reserved 1179648K
  class space    used 9318K, committed 10176K, reserved 1048576K
}
Event: 8946.604 GC heap after
{Heap after GC invocations=2961 (full 7):
 PSYoungGen      total 15360K, used 832K [0x00000000d5580000, 0x00000000d6600000, 0x0000000100000000)
  eden space 12288K, 0% used [0x00000000d5580000,0x00000000d5580000,0x00000000d6180000)
  from space 3072K, 27% used [0x00000000d6180000,0x00000000d6250000,0x00000000d6480000)
  to   space 1536K, 0% used [0x00000000d6480000,0x00000000d6480000,0x00000000d6600000)
 ParOldGen       total 1371648K, used 1371624K [0x0000000080000000, 0x00000000d3b80000, 0x00000000d5580000)
  object space 1371648K, 99% used [0x0000000080000000,0x00000000d3b7a2c8,0x00000000d3b80000)
 Metaspace       used 92465K, committed 94336K, reserved 1179648K
  class space    used 9318K, committed 10176K, reserved 1048576K
}
Event: 8950.767 GC heap before
{Heap before GC invocations=2962 (full 7):
 PSYoungGen      total 15360K, used 13120K [0x00000000d5580000, 0x00000000d6600000, 0x0000000100000000)
  eden space 12288K, 100% used [0x00000000d5580000,0x00000000d6180000,0x00000000d6180000)
  from space 3072K, 27% used [0x00000000d6180000,0x00000000d6250000,0x00000000d6480000)
  to   space 1536K, 0% used [0x00000000d6480000,0x00000000d6480000,0x00000000d6600000)
 ParOldGen       total 1371648K, used 1371624K [0x0000000080000000, 0x00000000d3b80000, 0x00000000d5580000)
  object space 1371648K, 99% used [0x0000000080000000,0x00000000d3b7a2c8,0x00000000d3b80000)
 Metaspace       used 92465K, committed 94336K, reserved 1179648K
  class space    used 9318K, committed 10176K, reserved 1048576K
}
Event: 8950.771 GC heap after
{Heap after GC invocations=2962 (full 7):
 PSYoungGen      total 12800K, used 160K [0x00000000d5580000, 0x00000000d6500000, 0x0000000100000000)
  eden space 12288K, 0% used [0x00000000d5580000,0x00000000d5580000,0x00000000d6180000)
  from space 512K, 31% used [0x00000000d6480000,0x00000000d64a8000,0x00000000d6500000)
  to   space 1024K, 0% used [0x00000000d6300000,0x00000000d6300000,0x00000000d6400000)
 ParOldGen       total 1372672K, used 1372338K [0x0000000080000000, 0x00000000d3c80000, 0x00000000d5580000)
  object space 1372672K, 99% used [0x0000000080000000,0x00000000d3c2ca98,0x00000000d3c80000)
 Metaspace       used 92465K, committed 94336K, reserved 1179648K
  class space    used 9318K, committed 10176K, reserved 1048576K
}
Event: 8954.677 GC heap before
{Heap before GC invocations=2963 (full 7):
 PSYoungGen      total 12800K, used 12448K [0x00000000d5580000, 0x00000000d6500000, 0x0000000100000000)
  eden space 12288K, 100% used [0x00000000d5580000,0x00000000d6180000,0x00000000d6180000)
  from space 512K, 31% used [0x00000000d6480000,0x00000000d64a8000,0x00000000d6500000)
  to   space 1024K, 0% used [0x00000000d6300000,0x00000000d6300000,0x00000000d6400000)
 ParOldGen       total 1372672K, used 1372338K [0x0000000080000000, 0x00000000d3c80000, 0x00000000d5580000)
  object space 1372672K, 99% used [0x0000000080000000,0x00000000d3c2ca98,0x00000000d3c80000)
 Metaspace       used 92465K, committed 94336K, reserved 1179648K
  class space    used 9318K, committed 10176K, reserved 1048576K
}
Event: 8954.679 GC heap after
{Heap after GC invocations=2963 (full 7):
 PSYoungGen      total 13312K, used 160K [0x00000000d5580000, 0x00000000d6500000, 0x0000000100000000)
  eden space 12288K, 0% used [0x00000000d5580000,0x00000000d5580000,0x00000000d6180000)
  from space 1024K, 15% used [0x00000000d6300000,0x00000000d6328000,0x00000000d6400000)
  to   space 512K, 0% used [0x00000000d6480000,0x00000000d6480000,0x00000000d6500000)
 ParOldGen       total 1372672K, used 1372346K [0x0000000080000000, 0x00000000d3c80000, 0x00000000d5580000)
  object space 1372672K, 99% used [0x0000000080000000,0x00000000d3c2ea98,0x00000000d3c80000)
 Metaspace       used 92465K, committed 94336K, reserved 1179648K
  class space    used 9318K, committed 10176K, reserved 1048576K
}
Event: 8958.499 GC heap before
{Heap before GC invocations=2964 (full 7):
 PSYoungGen      total 13312K, used 12447K [0x00000000d5580000, 0x00000000d6500000, 0x0000000100000000)
  eden space 12288K, 99% used [0x00000000d5580000,0x00000000d617fff8,0x00000000d6180000)
  from space 1024K, 15% used [0x00000000d6300000,0x00000000d6328000,0x00000000d6400000)
  to   space 512K, 0% used [0x00000000d6480000,0x00000000d6480000,0x00000000d6500000)
 ParOldGen       total 1372672K, used 1372346K [0x0000000080000000, 0x00000000d3c80000, 0x00000000d5580000)
  object space 1372672K, 99% used [0x0000000080000000,0x00000000d3c2ea98,0x00000000d3c80000)
 Metaspace       used 92465K, committed 94336K, reserved 1179648K
  class space    used 9318K, committed 10176K, reserved 1048576K
}
Event: 8958.500 GC heap after
{Heap after GC invocations=2964 (full 7):
 PSYoungGen      total 12800K, used 256K [0x00000000d5580000, 0x00000000d6500000, 0x0000000100000000)
  eden space 12288K, 0% used [0x00000000d5580000,0x00000000d5580000,0x00000000d6180000)
  from space 512K, 50% used [0x00000000d6480000,0x00000000d64c0000,0x00000000d6500000)
  to   space 512K, 0% used [0x00000000d6400000,0x00000000d6400000,0x00000000d6480000)
 ParOldGen       total 1372672K, used 1372346K [0x0000000080000000, 0x00000000d3c80000, 0x00000000d5580000)
  object space 1372672K, 99% used [0x0000000080000000,0x00000000d3c2ea98,0x00000000d3c80000)
 Metaspace       used 92465K, committed 94336K, reserved 1179648K
  class space    used 9318K, committed 10176K, reserved 1048576K
}
Event: 9018.297 GC heap before
{Heap before GC invocations=2965 (full 7):
 PSYoungGen      total 12800K, used 12544K [0x00000000d5580000, 0x00000000d6500000, 0x0000000100000000)
  eden space 12288K, 100% used [0x00000000d5580000,0x00000000d6180000,0x00000000d6180000)
  from space 512K, 50% used [0x00000000d6480000,0x00000000d64c0000,0x00000000d6500000)
  to   space 512K, 0% used [0x00000000d6400000,0x00000000d6400000,0x00000000d6480000)
 ParOldGen       total 1372672K, used 1372346K [0x0000000080000000, 0x00000000d3c80000, 0x00000000d5580000)
  object space 1372672K, 99% used [0x0000000080000000,0x00000000d3c2ea98,0x00000000d3c80000)
 Metaspace       used 92469K, committed 94336K, reserved 1179648K
  class space    used 9318K, committed 10176K, reserved 1048576K
}
Event: 9018.299 GC heap after
{Heap after GC invocations=2965 (full 7):
 PSYoungGen      total 12800K, used 224K [0x00000000d5580000, 0x00000000d6500000, 0x0000000100000000)
  eden space 12288K, 0% used [0x00000000d5580000,0x00000000d5580000,0x00000000d6180000)
  from space 512K, 43% used [0x00000000d6400000,0x00000000d6438000,0x00000000d6480000)
  to   space 512K, 0% used [0x00000000d6480000,0x00000000d6480000,0x00000000d6500000)
 ParOldGen       total 1372672K, used 1372370K [0x0000000080000000, 0x00000000d3c80000, 0x00000000d5580000)
  object space 1372672K, 99% used [0x0000000080000000,0x00000000d3c34a98,0x00000000d3c80000)
 Metaspace       used 92469K, committed 94336K, reserved 1179648K
  class space    used 9318K, committed 10176K, reserved 1048576K
}
Event: 9213.625 GC heap before
{Heap before GC invocations=2966 (full 7):
 PSYoungGen      total 12800K, used 12511K [0x00000000d5580000, 0x00000000d6500000, 0x0000000100000000)
  eden space 12288K, 99% used [0x00000000d5580000,0x00000000d617ffb0,0x00000000d6180000)
  from space 512K, 43% used [0x00000000d6400000,0x00000000d6438000,0x00000000d6480000)
  to   space 512K, 0% used [0x00000000d6480000,0x00000000d6480000,0x00000000d6500000)
 ParOldGen       total 1372672K, used 1372370K [0x0000000080000000, 0x00000000d3c80000, 0x00000000d5580000)
  object space 1372672K, 99% used [0x0000000080000000,0x00000000d3c34a98,0x00000000d3c80000)
 Metaspace       used 92474K, committed 94336K, reserved 1179648K
  class space    used 9318K, committed 10176K, reserved 1048576K
}
Event: 9213.628 GC heap after
{Heap after GC invocations=2966 (full 7):
 PSYoungGen      total 12800K, used 192K [0x00000000d5580000, 0x00000000d6500000, 0x0000000100000000)
  eden space 12288K, 0% used [0x00000000d5580000,0x00000000d5580000,0x00000000d6180000)
  from space 512K, 37% used [0x00000000d6480000,0x00000000d64b0000,0x00000000d6500000)
  to   space 512K, 0% used [0x00000000d6400000,0x00000000d6400000,0x00000000d6480000)
 ParOldGen       total 1372672K, used 1372418K [0x0000000080000000, 0x00000000d3c80000, 0x00000000d5580000)
  object space 1372672K, 99% used [0x0000000080000000,0x00000000d3c40a98,0x00000000d3c80000)
 Metaspace       used 92474K, committed 94336K, reserved 1179648K
  class space    used 9318K, committed 10176K, reserved 1048576K
}

