# JRE version: OpenJDK Runtime Environment Temurin-21.0.9+10 (21.0.9+10) (build 21.0.9+10-LTS)
# Java VM: OpenJDK 64-Bit Server VM Temurin-21.0.9+10 (21.0.9+10-LTS, mixed mode, sharing, tiered, compressed oops, compressed class ptrs, parallel gc, windows-amd64)
GC Precious Log:
 CardTable entry size: 512
 CPUs: 8 total, 8 available
 Memory: 16106M
 Large Page Support: Disabled
 NUMA Support: Disabled
 Compressed Oops: Enabled (32-bit)
 Alignments: Space 512K, Generation 512K, Heap 2M
 Heap Min Capacity: 100M
 Heap Initial Capacity: 100M
 Heap Max Capacity: 2G
 Pre-touch: Disabled
 Parallel Workers: 8
Heap:
 PSYoungGen      total 10752K, used 8286K [0x00000000d5580000, 0x00000000d6480000, 0x0000000100000000)
  eden space 6144K, 63% used [0x00000000d5580000,0x00000000d5953930,0x00000000d5b80000)
  from space 4608K, 94% used [0x00000000d6000000,0x00000000d6444000,0x00000000d6480000)
  to   space 4608K, 0% used [0x00000000d5b80000,0x00000000d5b80000,0x00000000d6000000)
 ParOldGen       total 489984K, used 489874K [0x0000000080000000, 0x000000009de80000, 0x00000000d5580000)
  object space 489984K, 99% used [0x0000000080000000,0x000000009de64a10,0x000000009de80000)
 Metaspace       used 70929K, committed 72576K, reserved 1114112K
  class space    used 7494K, committed 8256K, reserved 1048576K
GC Heap History (20 events):
Event: 135.711 GC heap before
{Heap before GC invocations=424 (full 3):
 PSYoungGen      total 8192K, used 7806K [0x00000000d5580000, 0x00000000d6180000, 0x0000000100000000)
  eden space 7168K, 100% used [0x00000000d5580000,0x00000000d5c80000,0x00000000d5c80000)
  from space 1024K, 62% used [0x00000000d6080000,0x00000000d611fb10,0x00000000d6180000)
  to   space 2048K, 0% used [0x00000000d5d80000,0x00000000d5d80000,0x00000000d5f80000)
 ParOldGen       total 436224K, used 435884K [0x0000000080000000, 0x000000009aa00000, 0x00000000d5580000)
  object space 436224K, 99% used [0x0000000080000000,0x000000009a9ab0d0,0x000000009aa00000)
 Metaspace       used 70882K, committed 72512K, reserved 1114112K
  class space    used 7494K, committed 8256K, reserved 1048576K
}
Event: 135.712 GC heap after
{Heap after GC invocations=424 (full 3):
 PSYoungGen      total 9216K, used 256K [0x00000000d5580000, 0x00000000d6100000, 0x0000000100000000)
  eden space 7168K, 0% used [0x00000000d5580000,0x00000000d5580000,0x00000000d5c80000)
  from space 2048K, 12% used [0x00000000d5d80000,0x00000000d5dc0000,0x00000000d5f80000)
  to   space 1024K, 0% used [0x00000000d6000000,0x00000000d6000000,0x00000000d6100000)
 ParOldGen       total 436736K, used 436344K [0x0000000080000000, 0x000000009aa80000, 0x00000000d5580000)
  object space 436736K, 99% used [0x0000000080000000,0x000000009aa1e2e0,0x000000009aa80000)
 Metaspace       used 70882K, committed 72512K, reserved 1114112K
  class space    used 7494K, committed 8256K, reserved 1048576K
}
Event: 135.740 GC heap before
{Heap before GC invocations=425 (full 3):
 PSYoungGen      total 9216K, used 7424K [0x00000000d5580000, 0x00000000d6100000, 0x0000000100000000)
  eden space 7168K, 100% used [0x00000000d5580000,0x00000000d5c80000,0x00000000d5c80000)
  from space 2048K, 12% used [0x00000000d5d80000,0x00000000d5dc0000,0x00000000d5f80000)
  to   space 1024K, 0% used [0x00000000d6000000,0x00000000d6000000,0x00000000d6100000)
 ParOldGen       total 436736K, used 436344K [0x0000000080000000, 0x000000009aa80000, 0x00000000d5580000)
  object space 436736K, 99% used [0x0000000080000000,0x000000009aa1e2e0,0x000000009aa80000)
 Metaspace       used 70899K, committed 72576K, reserved 1114112K
  class space    used 7494K, committed 8256K, reserved 1048576K
}
Event: 135.747 GC heap after
{Heap after GC invocations=425 (full 3):
 PSYoungGen      total 3584K, used 998K [0x00000000d5580000, 0x00000000d6c80000, 0x0000000100000000)
  eden space 2560K, 0% used [0x00000000d5580000,0x00000000d5580000,0x00000000d5800000)
  from space 1024K, 97% used [0x00000000d6000000,0x00000000d60f9838,0x00000000d6100000)
  to   space 8192K, 0% used [0x00000000d5800000,0x00000000d5800000,0x00000000d6000000)
 ParOldGen       total 442368K, used 442134K [0x0000000080000000, 0x000000009b000000, 0x00000000d5580000)
  object space 442368K, 99% used [0x0000000080000000,0x000000009afc5b18,0x000000009b000000)
 Metaspace       used 70899K, committed 72576K, reserved 1114112K
  class space    used 7494K, committed 8256K, reserved 1048576K
}
Event: 135.754 GC heap before
{Heap before GC invocations=426 (full 3):
 PSYoungGen      total 3584K, used 3558K [0x00000000d5580000, 0x00000000d6c80000, 0x0000000100000000)
  eden space 2560K, 100% used [0x00000000d5580000,0x00000000d5800000,0x00000000d5800000)
  from space 1024K, 97% used [0x00000000d6000000,0x00000000d60f9838,0x00000000d6100000)
  to   space 8192K, 0% used [0x00000000d5800000,0x00000000d5800000,0x00000000d6000000)
 ParOldGen       total 442368K, used 442134K [0x0000000080000000, 0x000000009b000000, 0x00000000d5580000)
  object space 442368K, 99% used [0x0000000080000000,0x000000009afc5b18,0x000000009b000000)
 Metaspace       used 70899K, committed 72576K, reserved 1114112K
  class space    used 7494K, committed 8256K, reserved 1048576K
}
Event: 135.756 GC heap after
{Heap after GC invocations=426 (full 3):
 PSYoungGen      total 5632K, used 2688K [0x00000000d5580000, 0x00000000d6100000, 0x0000000100000000)
  eden space 2560K, 0% used [0x00000000d5580000,0x00000000d5580000,0x00000000d5800000)
  from space 3072K, 87% used [0x00000000d5800000,0x00000000d5aa0000,0x00000000d5b00000)
  to   space 4608K, 0% used [0x00000000d5c80000,0x00000000d5c80000,0x00000000d6100000)
 ParOldGen       total 443392K, used 443180K [0x0000000080000000, 0x000000009b100000, 0x00000000d5580000)
  object space 443392K, 99% used [0x0000000080000000,0x000000009b0cb360,0x000000009b100000)
 Metaspace       used 70899K, committed 72576K, reserved 1114112K
  class space    used 7494K, committed 8256K, reserved 1048576K
}
Event: 135.764 GC heap before
{Heap before GC invocations=427 (full 3):
 PSYoungGen      total 5632K, used 5248K [0x00000000d5580000, 0x00000000d6100000, 0x0000000100000000)
  eden space 2560K, 100% used [0x00000000d5580000,0x00000000d5800000,0x00000000d5800000)
  from space 3072K, 87% used [0x00000000d5800000,0x00000000d5aa0000,0x00000000d5b00000)
  to   space 4608K, 0% used [0x00000000d5c80000,0x00000000d5c80000,0x00000000d6100000)
 ParOldGen       total 443392K, used 443180K [0x0000000080000000, 0x000000009b100000, 0x00000000d5580000)
  object space 443392K, 99% used [0x0000000080000000,0x000000009b0cb360,0x000000009b100000)
 Metaspace       used 70899K, committed 72576K, reserved 1114112K
  class space    used 7494K, committed 8256K, reserved 1048576K
}
Event: 135.768 GC heap after
{Heap after GC invocations=427 (full 3):
 PSYoungGen      total 6144K, used 2624K [0x00000000d5580000, 0x00000000d5f80000, 0x0000000100000000)
  eden space 3072K, 0% used [0x00000000d5580000,0x00000000d5580000,0x00000000d5880000)
  from space 3072K, 85% used [0x00000000d5c80000,0x00000000d5f10000,0x00000000d5f80000)
  to   space 3072K, 0% used [0x00000000d5980000,0x00000000d5980000,0x00000000d5c80000)
 ParOldGen       total 445952K, used 445756K [0x0000000080000000, 0x000000009b380000, 0x00000000d5580000)
  object space 445952K, 99% used [0x0000000080000000,0x000000009b34f360,0x000000009b380000)
 Metaspace       used 70899K, committed 72576K, reserved 1114112K
  class space    used 7494K, committed 8256K, reserved 1048576K
}
Event: 135.779 GC heap before
{Heap before GC invocations=428 (full 3):
 PSYoungGen      total 6144K, used 5696K [0x00000000d5580000, 0x00000000d5f80000, 0x0000000100000000)
  eden space 3072K, 100% used [0x00000000d5580000,0x00000000d5880000,0x00000000d5880000)
  from space 3072K, 85% used [0x00000000d5c80000,0x00000000d5f10000,0x00000000d5f80000)
  to   space 3072K, 0% used [0x00000000d5980000,0x00000000d5980000,0x00000000d5c80000)
 ParOldGen       total 445952K, used 445756K [0x0000000080000000, 0x000000009b380000, 0x00000000d5580000)
  object space 445952K, 99% used [0x0000000080000000,0x000000009b34f360,0x000000009b380000)
 Metaspace       used 70899K, committed 72576K, reserved 1114112K
  class space    used 7494K, committed 8256K, reserved 1048576K
}
Event: 135.783 GC heap after
{Heap after GC invocations=428 (full 3):
 PSYoungGen      total 7168K, used 2720K [0x00000000d5580000, 0x00000000d5f80000, 0x0000000100000000)
  eden space 4096K, 0% used [0x00000000d5580000,0x00000000d5580000,0x00000000d5980000)
  from space 3072K, 88% used [0x00000000d5980000,0x00000000d5c28000,0x00000000d5c80000)
  to   space 3072K, 0% used [0x00000000d5c80000,0x00000000d5c80000,0x00000000d5f80000)
 ParOldGen       total 448512K, used 448324K [0x0000000080000000, 0x000000009b600000, 0x00000000d5580000)
  object space 448512K, 99% used [0x0000000080000000,0x000000009b5d1360,0x000000009b600000)
 Metaspace       used 70899K, committed 72576K, reserved 1114112K
  class space    used 7494K, committed 8256K, reserved 1048576K
}
Event: 135.806 GC heap before
{Heap before GC invocations=429 (full 3):
 PSYoungGen      total 7168K, used 6158K [0x00000000d5580000, 0x00000000d5f80000, 0x0000000100000000)
  eden space 4096K, 83% used [0x00000000d5580000,0x00000000d58dbab0,0x00000000d5980000)
  from space 3072K, 88% used [0x00000000d5980000,0x00000000d5c28000,0x00000000d5c80000)
  to   space 3072K, 0% used [0x00000000d5c80000,0x00000000d5c80000,0x00000000d5f80000)
 ParOldGen       total 448512K, used 448324K [0x0000000080000000, 0x000000009b600000, 0x00000000d5580000)
  object space 448512K, 99% used [0x0000000080000000,0x000000009b5d1360,0x000000009b600000)
 Metaspace       used 70901K, committed 72576K, reserved 1114112K
  class space    used 7494K, committed 8256K, reserved 1048576K
}
Event: 135.809 GC heap after
{Heap after GC invocations=429 (full 3):
 PSYoungGen      total 7168K, used 2912K [0x00000000d5580000, 0x00000000d6080000, 0x0000000100000000)
  eden space 4096K, 0% used [0x00000000d5580000,0x00000000d5580000,0x00000000d5980000)
  from space 3072K, 94% used [0x00000000d5c80000,0x00000000d5f58000,0x00000000d5f80000)
  to   space 3072K, 0% used [0x00000000d5980000,0x00000000d5980000,0x00000000d5c80000)
 ParOldGen       total 450560K, used 450524K [0x0000000080000000, 0x000000009b800000, 0x00000000d5580000)
  object space 450560K, 99% used [0x0000000080000000,0x000000009b7f7360,0x000000009b800000)
 Metaspace       used 70901K, committed 72576K, reserved 1114112K
  class space    used 7494K, committed 8256K, reserved 1048576K
}
Event: 135.826 GC heap before
{Heap before GC invocations=430 (full 3):
 PSYoungGen      total 7168K, used 6904K [0x00000000d5580000, 0x00000000d6080000, 0x0000000100000000)
  eden space 4096K, 97% used [0x00000000d5580000,0x00000000d59660f0,0x00000000d5980000)
  from space 3072K, 94% used [0x00000000d5c80000,0x00000000d5f58000,0x00000000d5f80000)
  to   space 3072K, 0% used [0x00000000d5980000,0x00000000d5980000,0x00000000d5c80000)
 ParOldGen       total 450560K, used 450524K [0x0000000080000000, 0x000000009b800000, 0x00000000d5580000)
  object space 450560K, 99% used [0x0000000080000000,0x000000009b7f7360,0x000000009b800000)
 Metaspace       used 70906K, committed 72576K, reserved 1114112K
  class space    used 7494K, committed 8256K, reserved 1048576K
}
Event: 135.829 GC heap after
{Heap after GC invocations=430 (full 3):
 PSYoungGen      total 7168K, used 3056K [0x00000000d5580000, 0x00000000d6780000, 0x0000000100000000)
  eden space 4096K, 0% used [0x00000000d5580000,0x00000000d5580000,0x00000000d5980000)
  from space 3072K, 99% used [0x00000000d5980000,0x00000000d5c7c298,0x00000000d5c80000)
  to   space 7168K, 0% used [0x00000000d6080000,0x00000000d6080000,0x00000000d6780000)
 ParOldGen       total 453632K, used 453604K [0x0000000080000000, 0x000000009bb00000, 0x00000000d5580000)
  object space 453632K, 99% used [0x0000000080000000,0x000000009baf9360,0x000000009bb00000)
 Metaspace       used 70906K, committed 72576K, reserved 1114112K
  class space    used 7494K, committed 8256K, reserved 1048576K
}
Event: 135.882 GC heap before
{Heap before GC invocations=431 (full 3):
 PSYoungGen      total 7168K, used 7152K [0x00000000d5580000, 0x00000000d6780000, 0x0000000100000000)
  eden space 4096K, 100% used [0x00000000d5580000,0x00000000d5980000,0x00000000d5980000)
  from space 3072K, 99% used [0x00000000d5980000,0x00000000d5c7c298,0x00000000d5c80000)
  to   space 7168K, 0% used [0x00000000d6080000,0x00000000d6080000,0x00000000d6780000)
 ParOldGen       total 485376K, used 484324K [0x0000000080000000, 0x000000009da00000, 0x00000000d5580000)
  object space 485376K, 99% used [0x0000000080000000,0x000000009d8f9390,0x000000009da00000)
 Metaspace       used 70910K, committed 72576K, reserved 1114112K
  class space    used 7494K, committed 8256K, reserved 1048576K
}
Event: 135.884 GC heap after
{Heap after GC invocations=431 (full 3):
 PSYoungGen      total 5632K, used 1201K [0x00000000d5580000, 0x00000000d6200000, 0x0000000100000000)
  eden space 4096K, 0% used [0x00000000d5580000,0x00000000d5580000,0x00000000d5980000)
  from space 1536K, 78% used [0x00000000d6080000,0x00000000d61ac680,0x00000000d6200000)
  to   space 3072K, 0% used [0x00000000d5c00000,0x00000000d5c00000,0x00000000d5f00000)
 ParOldGen       total 485376K, used 485364K [0x0000000080000000, 0x000000009da00000, 0x00000000d5580000)
  object space 485376K, 99% used [0x0000000080000000,0x000000009d9fd390,0x000000009da00000)
 Metaspace       used 70910K, committed 72576K, reserved 1114112K
  class space    used 7494K, committed 8256K, reserved 1048576K
}
Event: 135.890 GC heap before
{Heap before GC invocations=432 (full 3):
 PSYoungGen      total 5632K, used 5297K [0x00000000d5580000, 0x00000000d6200000, 0x0000000100000000)
  eden space 4096K, 100% used [0x00000000d5580000,0x00000000d5980000,0x00000000d5980000)
  from space 1536K, 78% used [0x00000000d6080000,0x00000000d61ac680,0x00000000d6200000)
  to   space 3072K, 0% used [0x00000000d5c00000,0x00000000d5c00000,0x00000000d5f00000)
 ParOldGen       total 485376K, used 485364K [0x0000000080000000, 0x000000009da00000, 0x00000000d5580000)
  object space 485376K, 99% used [0x0000000080000000,0x000000009d9fd390,0x000000009da00000)
 Metaspace       used 70916K, committed 72576K, reserved 1114112K
  class space    used 7494K, committed 8256K, reserved 1048576K
}
Event: 135.893 GC heap after
{Heap after GC invocations=432 (full 3):
 PSYoungGen      total 8192K, used 3072K [0x00000000d5580000, 0x00000000d6580000, 0x0000000100000000)
  eden space 5120K, 0% used [0x00000000d5580000,0x00000000d5580000,0x00000000d5a80000)
  from space 3072K, 100% used [0x00000000d5c00000,0x00000000d5f00000,0x00000000d5f00000)
  to   space 5632K, 0% used [0x00000000d6000000,0x00000000d6000000,0x00000000d6580000)
 ParOldGen       total 486912K, used 486810K [0x0000000080000000, 0x000000009db80000, 0x00000000d5580000)
  object space 486912K, 99% used [0x0000000080000000,0x000000009db66a10,0x000000009db80000)
 Metaspace       used 70916K, committed 72576K, reserved 1114112K
  class space    used 7494K, committed 8256K, reserved 1048576K
}
Event: 135.908 GC heap before
{Heap before GC invocations=433 (full 3):
 PSYoungGen      total 8192K, used 8192K [0x00000000d5580000, 0x00000000d6580000, 0x0000000100000000)
  eden space 5120K, 100% used [0x00000000d5580000,0x00000000d5a80000,0x00000000d5a80000)
  from space 3072K, 100% used [0x00000000d5c00000,0x00000000d5f00000,0x00000000d5f00000)
  to   space 5632K, 0% used [0x00000000d6000000,0x00000000d6000000,0x00000000d6580000)
 ParOldGen       total 486912K, used 486810K [0x0000000080000000, 0x000000009db80000, 0x00000000d5580000)
  object space 486912K, 99% used [0x0000000080000000,0x000000009db66a10,0x000000009db80000)
 Metaspace       used 70916K, committed 72576K, reserved 1114112K
  class space    used 7494K, committed 8256K, reserved 1048576K
}
Event: 135.913 GC heap after
{Heap after GC invocations=433 (full 3):
 PSYoungGen      total 10752K, used 4368K [0x00000000d5580000, 0x00000000d6480000, 0x0000000100000000)
  eden space 6144K, 0% used [0x00000000d5580000,0x00000000d5580000,0x00000000d5b80000)
  from space 4608K, 94% used [0x00000000d6000000,0x00000000d6444000,0x00000000d6480000)
  to   space 4608K, 0% used [0x00000000d5b80000,0x00000000d5b80000,0x00000000d6000000)
 ParOldGen       total 489984K, used 489874K [0x0000000080000000, 0x000000009de80000, 0x00000000d5580000)
  object space 489984K, 99% used [0x0000000080000000,0x000000009de64a10,0x000000009de80000)
 Metaspace       used 70916K, committed 72576K, reserved 1114112K
  class space    used 7494K, committed 8256K, reserved 1048576K
}

