# JRE version: OpenJDK Runtime Environment Temurin-21.0.9+10 (21.0.9+10) (build 21.0.9+10-LTS)
# Java VM: OpenJDK 64-Bit Server VM Temurin-21.0.9+10 (21.0.9+10-LTS, mixed mode, sharing, tiered, compressed oops, compressed class ptrs, parallel gc, windows-amd64)
GC Precious Log:
 CardTable entry size: 512
 CPUs: 8 total, 8 available
 Memory: 16106M
 Large Page Support: Disabled
 NUMA Support: Disabled
 Compressed Oops: Enabled (32-bit)
 Alignments: Space 512K, Generation 512K, Heap 2M
 Heap Min Capacity: 100M
 Heap Initial Capacity: 100M
 Heap Max Capacity: 2G
 Pre-touch: Disabled
 Parallel Workers: 8
Heap:
 PSYoungGen      total 16384K, used 16288K [0x00000000d5580000, 0x00000000d6a00000, 0x0000000100000000)
  eden space 15872K, 100% used [0x00000000d5580000,0x00000000d6500000,0x00000000d6500000)
  from space 512K, 81% used [0x00000000d6980000,0x00000000d69e8000,0x00000000d6a00000)
  to   space 512K, 75% used [0x00000000d6900000,0x00000000d6960000,0x00000000d6980000)
 ParOldGen       total 95744K, used 95314K [0x0000000080000000, 0x0000000085d80000, 0x00000000d5580000)
  object space 95744K, 99% used [0x0000000080000000,0x0000000085d14bf8,0x0000000085d80000)
 Metaspace       used 57068K, committed 58496K, reserved 1114112K
  class space    used 6177K, committed 6848K, reserved 1048576K
GC Heap History (20 events):
Event: 20.205 GC heap before
{Heap before GC invocations=45 (full 2):
 PSYoungGen      total 16384K, used 16352K [0x00000000d5580000, 0x00000000d6f80000, 0x0000000100000000)
  eden space 15872K, 100% used [0x00000000d5580000,0x00000000d6500000,0x00000000d6500000)
  from space 512K, 93% used [0x00000000d6f00000,0x00000000d6f78000,0x00000000d6f80000)
  to   space 1024K, 0% used [0x00000000d6d80000,0x00000000d6d80000,0x00000000d6e80000)
 ParOldGen       total 78848K, used 78392K [0x0000000080000000, 0x0000000084d00000, 0x00000000d5580000)
  object space 78848K, 99% used [0x0000000080000000,0x0000000084c8e148,0x0000000084d00000)
 Metaspace       used 56226K, committed 57600K, reserved 1114112K
  class space    used 6086K, committed 6720K, reserved 1048576K
}
Event: 20.210 GC heap after
{Heap after GC invocations=45 (full 2):
 PSYoungGen      total 16896K, used 1011K [0x00000000d5580000, 0x00000000d7500000, 0x0000000100000000)
  eden space 15872K, 0% used [0x00000000d5580000,0x00000000d5580000,0x00000000d6500000)
  from space 1024K, 98% used [0x00000000d6d80000,0x00000000d6e7cde0,0x00000000d6e80000)
  to   space 6656K, 0% used [0x00000000d6e80000,0x00000000d6e80000,0x00000000d7500000)
 ParOldGen       total 84480K, used 84009K [0x0000000080000000, 0x0000000085280000, 0x00000000d5580000)
  object space 84480K, 99% used [0x0000000080000000,0x000000008520a7b8,0x0000000085280000)
 Metaspace       used 56226K, committed 57600K, reserved 1114112K
  class space    used 6086K, committed 6720K, reserved 1048576K
}
Event: 20.235 GC heap before
{Heap before GC invocations=46 (full 2):
 PSYoungGen      total 16896K, used 16883K [0x00000000d5580000, 0x00000000d7500000, 0x0000000100000000)
  eden space 15872K, 100% used [0x00000000d5580000,0x00000000d6500000,0x00000000d6500000)
  from space 1024K, 98% used [0x00000000d6d80000,0x00000000d6e7cde0,0x00000000d6e80000)
  to   space 6656K, 0% used [0x00000000d6e80000,0x00000000d6e80000,0x00000000d7500000)
 ParOldGen       total 84480K, used 84009K [0x0000000080000000, 0x0000000085280000, 0x00000000d5580000)
  object space 84480K, 99% used [0x0000000080000000,0x000000008520a7b8,0x0000000085280000)
 Metaspace       used 56246K, committed 57664K, reserved 1114112K
  class space    used 6090K, committed 6720K, reserved 1048576K
}
Event: 20.240 GC heap after
{Heap after GC invocations=46 (full 2):
 PSYoungGen      total 21504K, used 5466K [0x00000000d5580000, 0x00000000d7400000, 0x0000000100000000)
  eden space 15872K, 0% used [0x00000000d5580000,0x00000000d5580000,0x00000000d6500000)
  from space 5632K, 97% used [0x00000000d6e80000,0x00000000d73d6b60,0x00000000d7400000)
  to   space 6144K, 0% used [0x00000000d6800000,0x00000000d6800000,0x00000000d6e00000)
 ParOldGen       total 85504K, used 85062K [0x0000000080000000, 0x0000000085380000, 0x00000000d5580000)
  object space 85504K, 99% used [0x0000000080000000,0x0000000085311870,0x0000000085380000)
 Metaspace       used 56246K, committed 57664K, reserved 1114112K
  class space    used 6090K, committed 6720K, reserved 1048576K
}
Event: 20.272 GC heap before
{Heap before GC invocations=47 (full 2):
 PSYoungGen      total 21504K, used 21336K [0x00000000d5580000, 0x00000000d7400000, 0x0000000100000000)
  eden space 15872K, 99% used [0x00000000d5580000,0x00000000d64ff898,0x00000000d6500000)
  from space 5632K, 97% used [0x00000000d6e80000,0x00000000d73d6b60,0x00000000d7400000)
  to   space 6144K, 0% used [0x00000000d6800000,0x00000000d6800000,0x00000000d6e00000)
 ParOldGen       total 85504K, used 85062K [0x0000000080000000, 0x0000000085380000, 0x00000000d5580000)
  object space 85504K, 99% used [0x0000000080000000,0x0000000085311870,0x0000000085380000)
 Metaspace       used 56402K, committed 57856K, reserved 1114112K
  class space    used 6102K, committed 6784K, reserved 1048576K
}
Event: 20.282 GC heap after
{Heap after GC invocations=47 (full 2):
 PSYoungGen      total 18944K, used 2882K [0x00000000d5580000, 0x00000000d6f00000, 0x0000000100000000)
  eden space 15872K, 0% used [0x00000000d5580000,0x00000000d5580000,0x00000000d6500000)
  from space 3072K, 93% used [0x00000000d6800000,0x00000000d6ad0920,0x00000000d6b00000)
  to   space 4096K, 0% used [0x00000000d6b00000,0x00000000d6b00000,0x00000000d6f00000)
 ParOldGen       total 90112K, used 89647K [0x0000000080000000, 0x0000000085800000, 0x00000000d5580000)
  object space 90112K, 99% used [0x0000000080000000,0x000000008578bf70,0x0000000085800000)
 Metaspace       used 56402K, committed 57856K, reserved 1114112K
  class space    used 6102K, committed 6784K, reserved 1048576K
}
Event: 20.307 GC heap before
{Heap before GC invocations=48 (full 2):
 PSYoungGen      total 18944K, used 18754K [0x00000000d5580000, 0x00000000d6f00000, 0x0000000100000000)
  eden space 15872K, 100% used [0x00000000d5580000,0x00000000d6500000,0x00000000d6500000)
  from space 3072K, 93% used [0x00000000d6800000,0x00000000d6ad0920,0x00000000d6b00000)
  to   space 4096K, 0% used [0x00000000d6b00000,0x00000000d6b00000,0x00000000d6f00000)
 ParOldGen       total 90112K, used 89647K [0x0000000080000000, 0x0000000085800000, 0x00000000d5580000)
  object space 90112K, 99% used [0x0000000080000000,0x000000008578bf70,0x0000000085800000)
 Metaspace       used 56426K, committed 57920K, reserved 1114112K
  class space    used 6102K, committed 6784K, reserved 1048576K
}
Event: 20.311 GC heap after
{Heap after GC invocations=48 (full 2):
 PSYoungGen      total 16896K, used 832K [0x00000000d5580000, 0x00000000d6c00000, 0x0000000100000000)
  eden space 15872K, 0% used [0x00000000d5580000,0x00000000d5580000,0x00000000d6500000)
  from space 1024K, 81% used [0x00000000d6b00000,0x00000000d6bd0000,0x00000000d6c00000)
  to   space 2048K, 0% used [0x00000000d6800000,0x00000000d6800000,0x00000000d6a00000)
 ParOldGen       total 92672K, used 92362K [0x0000000080000000, 0x0000000085a80000, 0x00000000d5580000)
  object space 92672K, 99% used [0x0000000080000000,0x0000000085a32af0,0x0000000085a80000)
 Metaspace       used 56426K, committed 57920K, reserved 1114112K
  class space    used 6102K, committed 6784K, reserved 1048576K
}
Event: 20.334 GC heap before
{Heap before GC invocations=49 (full 2):
 PSYoungGen      total 16896K, used 16704K [0x00000000d5580000, 0x00000000d6c00000, 0x0000000100000000)
  eden space 15872K, 100% used [0x00000000d5580000,0x00000000d6500000,0x00000000d6500000)
  from space 1024K, 81% used [0x00000000d6b00000,0x00000000d6bd0000,0x00000000d6c00000)
  to   space 2048K, 0% used [0x00000000d6800000,0x00000000d6800000,0x00000000d6a00000)
 ParOldGen       total 92672K, used 92362K [0x0000000080000000, 0x0000000085a80000, 0x00000000d5580000)
  object space 92672K, 99% used [0x0000000080000000,0x0000000085a32af0,0x0000000085a80000)
 Metaspace       used 56435K, committed 57920K, reserved 1114112K
  class space    used 6102K, committed 6784K, reserved 1048576K
}
Event: 20.336 GC heap after
{Heap after GC invocations=49 (full 2):
 PSYoungGen      total 17920K, used 1152K [0x00000000d5580000, 0x00000000d6b80000, 0x0000000100000000)
  eden space 15872K, 0% used [0x00000000d5580000,0x00000000d5580000,0x00000000d6500000)
  from space 2048K, 56% used [0x00000000d6800000,0x00000000d6920010,0x00000000d6a00000)
  to   space 1536K, 0% used [0x00000000d6a00000,0x00000000d6a00000,0x00000000d6b80000)
 ParOldGen       total 93184K, used 92991K [0x0000000080000000, 0x0000000085b00000, 0x00000000d5580000)
  object space 93184K, 99% used [0x0000000080000000,0x0000000085acfd80,0x0000000085b00000)
 Metaspace       used 56435K, committed 57920K, reserved 1114112K
  class space    used 6102K, committed 6784K, reserved 1048576K
}
Event: 20.364 GC heap before
{Heap before GC invocations=50 (full 2):
 PSYoungGen      total 17920K, used 17024K [0x00000000d5580000, 0x00000000d6b80000, 0x0000000100000000)
  eden space 15872K, 100% used [0x00000000d5580000,0x00000000d6500000,0x00000000d6500000)
  from space 2048K, 56% used [0x00000000d6800000,0x00000000d6920010,0x00000000d6a00000)
  to   space 1536K, 0% used [0x00000000d6a00000,0x00000000d6a00000,0x00000000d6b80000)
 ParOldGen       total 93184K, used 92991K [0x0000000080000000, 0x0000000085b00000, 0x00000000d5580000)
  object space 93184K, 99% used [0x0000000080000000,0x0000000085acfd80,0x0000000085b00000)
 Metaspace       used 56501K, committed 57984K, reserved 1114112K
  class space    used 6109K, committed 6784K, reserved 1048576K
}
Event: 20.366 GC heap after
{Heap after GC invocations=50 (full 2):
 PSYoungGen      total 16896K, used 864K [0x00000000d5580000, 0x00000000d6b00000, 0x0000000100000000)
  eden space 15872K, 0% used [0x00000000d5580000,0x00000000d5580000,0x00000000d6500000)
  from space 1024K, 84% used [0x00000000d6a00000,0x00000000d6ad8000,0x00000000d6b00000)
  to   space 1024K, 0% used [0x00000000d6900000,0x00000000d6900000,0x00000000d6a00000)
 ParOldGen       total 94208K, used 93855K [0x0000000080000000, 0x0000000085c00000, 0x00000000d5580000)
  object space 94208K, 99% used [0x0000000080000000,0x0000000085ba7d90,0x0000000085c00000)
 Metaspace       used 56501K, committed 57984K, reserved 1114112K
  class space    used 6109K, committed 6784K, reserved 1048576K
}
Event: 20.384 GC heap before
{Heap before GC invocations=51 (full 2):
 PSYoungGen      total 16896K, used 16736K [0x00000000d5580000, 0x00000000d6b00000, 0x0000000100000000)
  eden space 15872K, 100% used [0x00000000d5580000,0x00000000d6500000,0x00000000d6500000)
  from space 1024K, 84% used [0x00000000d6a00000,0x00000000d6ad8000,0x00000000d6b00000)
  to   space 1024K, 0% used [0x00000000d6900000,0x00000000d6900000,0x00000000d6a00000)
 ParOldGen       total 94208K, used 93855K [0x0000000080000000, 0x0000000085c00000, 0x00000000d5580000)
  object space 94208K, 99% used [0x0000000080000000,0x0000000085ba7d90,0x0000000085c00000)
 Metaspace       used 56650K, committed 58112K, reserved 1114112K
  class space    used 6130K, committed 6784K, reserved 1048576K
}
Event: 20.387 GC heap after
{Heap after GC invocations=51 (full 2):
 PSYoungGen      total 16384K, used 416K [0x00000000d5580000, 0x00000000d6a80000, 0x0000000100000000)
  eden space 15872K, 0% used [0x00000000d5580000,0x00000000d5580000,0x00000000d6500000)
  from space 512K, 81% used [0x00000000d6900000,0x00000000d6968000,0x00000000d6980000)
  to   space 1024K, 0% used [0x00000000d6980000,0x00000000d6980000,0x00000000d6a80000)
 ParOldGen       total 94720K, used 94447K [0x0000000080000000, 0x0000000085c80000, 0x00000000d5580000)
  object space 94720K, 99% used [0x0000000080000000,0x0000000085c3bd90,0x0000000085c80000)
 Metaspace       used 56650K, committed 58112K, reserved 1114112K
  class space    used 6130K, committed 6784K, reserved 1048576K
}
Event: 20.412 GC heap before
{Heap before GC invocations=52 (full 2):
 PSYoungGen      total 16384K, used 16288K [0x00000000d5580000, 0x00000000d6a80000, 0x0000000100000000)
  eden space 15872K, 100% used [0x00000000d5580000,0x00000000d6500000,0x00000000d6500000)
  from space 512K, 81% used [0x00000000d6900000,0x00000000d6968000,0x00000000d6980000)
  to   space 1024K, 0% used [0x00000000d6980000,0x00000000d6980000,0x00000000d6a80000)
 ParOldGen       total 94720K, used 94447K [0x0000000080000000, 0x0000000085c80000, 0x00000000d5580000)
  object space 94720K, 99% used [0x0000000080000000,0x0000000085c3bd90,0x0000000085c80000)
 Metaspace       used 56782K, committed 58240K, reserved 1114112K
  class space    used 6139K, committed 6784K, reserved 1048576K
}
Event: 20.414 GC heap after
{Heap after GC invocations=52 (full 2):
 PSYoungGen      total 16384K, used 384K [0x00000000d5580000, 0x00000000d6a00000, 0x0000000100000000)
  eden space 15872K, 0% used [0x00000000d5580000,0x00000000d5580000,0x00000000d6500000)
  from space 512K, 75% used [0x00000000d6980000,0x00000000d69e0000,0x00000000d6a00000)
  to   space 512K, 0% used [0x00000000d6900000,0x00000000d6900000,0x00000000d6980000)
 ParOldGen       total 94720K, used 94671K [0x0000000080000000, 0x0000000085c80000, 0x00000000d5580000)
  object space 94720K, 99% used [0x0000000080000000,0x0000000085c73d90,0x0000000085c80000)
 Metaspace       used 56782K, committed 58240K, reserved 1114112K
  class space    used 6139K, committed 6784K, reserved 1048576K
}
Event: 20.434 GC heap before
{Heap before GC invocations=53 (full 2):
 PSYoungGen      total 16384K, used 16256K [0x00000000d5580000, 0x00000000d6a00000, 0x0000000100000000)
  eden space 15872K, 100% used [0x00000000d5580000,0x00000000d6500000,0x00000000d6500000)
  from space 512K, 75% used [0x00000000d6980000,0x00000000d69e0000,0x00000000d6a00000)
  to   space 512K, 0% used [0x00000000d6900000,0x00000000d6900000,0x00000000d6980000)
 ParOldGen       total 94720K, used 94671K [0x0000000080000000, 0x0000000085c80000, 0x00000000d5580000)
  object space 94720K, 99% used [0x0000000080000000,0x0000000085c73d90,0x0000000085c80000)
 Metaspace       used 56827K, committed 58240K, reserved 1114112K
  class space    used 6146K, committed 6784K, reserved 1048576K
}
Event: 20.436 GC heap after
{Heap after GC invocations=53 (full 2):
 PSYoungGen      total 16384K, used 448K [0x00000000d5580000, 0x00000000d6a00000, 0x0000000100000000)
  eden space 15872K, 0% used [0x00000000d5580000,0x00000000d5580000,0x00000000d6500000)
  from space 512K, 87% used [0x00000000d6900000,0x00000000d6970000,0x00000000d6980000)
  to   space 512K, 0% used [0x00000000d6980000,0x00000000d6980000,0x00000000d6a00000)
 ParOldGen       total 95232K, used 94855K [0x0000000080000000, 0x0000000085d00000, 0x00000000d5580000)
  object space 95232K, 99% used [0x0000000080000000,0x0000000085ca1d90,0x0000000085d00000)
 Metaspace       used 56827K, committed 58240K, reserved 1114112K
  class space    used 6146K, committed 6784K, reserved 1048576K
}
Event: 20.470 GC heap before
{Heap before GC invocations=54 (full 2):
 PSYoungGen      total 16384K, used 16320K [0x00000000d5580000, 0x00000000d6a00000, 0x0000000100000000)
  eden space 15872K, 100% used [0x00000000d5580000,0x00000000d6500000,0x00000000d6500000)
  from space 512K, 87% used [0x00000000d6900000,0x00000000d6970000,0x00000000d6980000)
  to   space 512K, 0% used [0x00000000d6980000,0x00000000d6980000,0x00000000d6a00000)
 ParOldGen       total 95232K, used 94855K [0x0000000080000000, 0x0000000085d00000, 0x00000000d5580000)
  object space 95232K, 99% used [0x0000000080000000,0x0000000085ca1d90,0x0000000085d00000)
 Metaspace       used 57012K, committed 58496K, reserved 1114112K
  class space    used 6170K, committed 6848K, reserved 1048576K
}
Event: 20.471 GC heap after
{Heap after GC invocations=54 (full 2):
 PSYoungGen      total 16384K, used 416K [0x00000000d5580000, 0x00000000d6a00000, 0x0000000100000000)
  eden space 15872K, 0% used [0x00000000d5580000,0x00000000d5580000,0x00000000d6500000)
  from space 512K, 81% used [0x00000000d6980000,0x00000000d69e8000,0x00000000d6a00000)
  to   space 512K, 0% used [0x00000000d6900000,0x00000000d6900000,0x00000000d6980000)
 ParOldGen       total 95232K, used 95085K [0x0000000080000000, 0x0000000085d00000, 0x00000000d5580000)
  object space 95232K, 99% used [0x0000000080000000,0x0000000085cdb710,0x0000000085d00000)
 Metaspace       used 57012K, committed 58496K, reserved 1114112K
  class space    used 6170K, committed 6848K, reserved 1048576K
}

